<?xml version="1.0" encoding="UTF-8"?>
<!-- Generated by org.testng.reporters.JUnitReportReporter -->
<testsuite hostname="meldas-MacBook-Pro.local" failures="0" tests="2" name="scripts._04_GoogleSearchTest" time="18.547" errors="0" timestamp="2022-05-29T18:54:25 CDT" skipped="0">
  <testcase classname="scripts._04_GoogleSearchTest" name="testGoogleSearch" time="9.838"/>
  <system-out/>
  <testcase classname="scripts._04_GoogleSearchTest" name="testGoogleStoreLink" time="8.709"/>
  <system-out/>
</testsuite> <!-- scripts._04_GoogleSearchTest -->
