<?xml version="1.0" encoding="UTF-8"?>
<!-- Generated by org.testng.reporters.JUnitReportReporter -->
<testsuite hostname="meldas-MacBook-Pro.local" failures="0" tests="1" name="scripts.Automation_Practice_01Test" time="6.594" errors="0" timestamp="2022-05-29T18:54:25 CDT" skipped="0">
  <testcase classname="scripts.Automation_Practice_01Test" name="registerUser" time="6.594"/>
  <system-out/>
</testsuite> <!-- scripts.Automation_Practice_01Test -->
