<?xml version="1.0" encoding="UTF-8"?>
<!-- Generated by org.testng.reporters.JUnitReportReporter -->
<testsuite skipped="0" hostname="meldas-MacBook-Pro.local" name="scripts._03_EtsyTest" tests="3" failures="0" timestamp="2022-06-21T20:17:17 CDT" time="24.613" errors="0">
  <testcase name="testEtsyLogo" time="7.122" classname="scripts._03_EtsyTest"/>
  <system-out/>
  <testcase name="testEtsySearchResult" time="10.390" classname="scripts._03_EtsyTest"/>
  <system-out/>
  <testcase name="testEtsySearch" time="7.101" classname="scripts._03_EtsyTest"/>
  <system-out/>
</testsuite> <!-- scripts._03_EtsyTest -->
