<?xml version="1.0" encoding="UTF-8"?>
<!-- Generated by org.testng.reporters.JUnitReportReporter -->
<testsuite hostname="meldas-MacBook-Pro.local" failures="0" tests="4" name="scripts._03_EtsyTest" time="30.075" errors="0" timestamp="2022-05-29T18:54:25 CDT" skipped="0">
  <testcase classname="scripts._03_EtsyTest" name="testEtsyLogo" time="6.686"/>
  <system-out/>
  <testcase classname="scripts._03_EtsyTest" name="testEtsySearchResult" time="9.580"/>
  <system-out/>
  <testcase classname="scripts._03_EtsyTest" name="testEtsySearch" time="6.803"/>
  <system-out/>
  <testcase classname="scripts._03_EtsyTest" name="testMainHeader" time="7.006"/>
  <system-out/>
</testsuite> <!-- scripts._03_EtsyTest -->
