<?xml version="1.0" encoding="UTF-8"?>
<!-- Generated by org.testng.reporters.JUnitReportReporter -->
<testsuite hostname="meldas-MBP.local.tld" failures="0" tests="1" name="scripts.Automation_Practice_01Test" time="6.759" errors="0" timestamp="2022-05-28T11:05:40 CDT" skipped="0">
  <testcase classname="scripts.Automation_Practice_01Test" name="registerUser" time="6.759"/>
  <system-out/>
</testsuite> <!-- scripts.Automation_Practice_01Test -->
