<?xml version="1.0" encoding="UTF-8"?>
<!-- Generated by org.testng.reporters.JUnitReportReporter -->
<testsuite skipped="0" hostname="meldas-MacBook-Pro.local" name="scripts._02_TechGlobalTest" tests="2" failures="0" timestamp="2022-07-16T07:56:53 CDT" time="12.014" errors="0">
  <testcase name="testApplicationFormHeading" time="5.535" classname="scripts._02_TechGlobalTest"/>
  <system-out/>
  <testcase name="testSubscribe" time="6.479" classname="scripts._02_TechGlobalTest"/>
  <system-out/>
</testsuite> <!-- scripts._02_TechGlobalTest -->
