<?xml version="1.0" encoding="UTF-8"?>
<!-- Generated by org.testng.reporters.JUnitReportReporter -->
<testsuite skipped="0" hostname="meldas-MacBook-Pro.local" name="scripts._04_GoogleSearchTest" tests="1" failures="0" timestamp="2022-06-06T10:57:14 CDT" time="7.292" errors="0">
  <testcase name="testGoogleSearch" time="7.292" classname="scripts._04_GoogleSearchTest"/>
  <system-out/>
</testsuite> <!-- scripts._04_GoogleSearchTest -->
