<?xml version="1.0" encoding="UTF-8"?>
<!-- Generated by org.testng.reporters.JUnitReportReporter -->
<testsuite hostname="meldas-MacBook-Pro.local" failures="0" tests="1" name="scripts._03_EtsyTest" time="6.801" errors="0" timestamp="2022-06-02T19:38:16 CDT" skipped="0">
  <testcase classname="scripts._03_EtsyTest" name="testMainHeader" time="6.801"/>
  <system-out/>
</testsuite> <!-- scripts._03_EtsyTest -->
