<?xml version="1.0" encoding="UTF-8"?>
<!-- Generated by org.testng.reporters.JUnitReportReporter -->
<testsuite hostname="meldas-MacBook-Pro.local" failures="0" tests="1" name="scripts._02_TechGlobalTest" time="5.248" errors="0" timestamp="2022-05-29T18:40:57 CDT" skipped="0">
  <testcase classname="scripts._02_TechGlobalTest" name="testApplicationFormHeading" time="5.248"/>
  <system-out/>
</testsuite> <!-- scripts._02_TechGlobalTest -->
