<?xml version="1.0" encoding="UTF-8"?>
<!-- Generated by org.testng.reporters.JUnitReportReporter -->
<testsuite skipped="0" hostname="meldas-MacBook-Pro.local" name="scripts._04_GoogleSearchTest" tests="1" failures="0" timestamp="2022-06-21T20:17:17 CDT" time="8.244" errors="0">
  <testcase name="testGoogleSearch" time="8.244" classname="scripts._04_GoogleSearchTest"/>
  <system-out/>
</testsuite> <!-- scripts._04_GoogleSearchTest -->
