<?xml version="1.0" encoding="UTF-8"?>
<!-- Generated by org.testng.reporters.JUnitReportReporter -->
<testsuite skipped="1" hostname="meldas-MacBook-Pro.local" name="scripts._01_AppleTest" tests="2" failures="0" timestamp="2022-06-21T20:17:17 CDT" time="23.410" errors="0">
  <testcase name="testAppleTitle" time="23.410" classname="scripts._01_AppleTest"/>
  <system-out/>
  <testcase name="X" classname="scripts._01_AppleTest">
    <skipped/>
  </testcase> <!-- X -->
  <system-out/>
</testsuite> <!-- scripts._01_AppleTest -->
