<?xml version="1.0" encoding="UTF-8"?>
<!-- Generated by org.testng.reporters.JUnitReportReporter -->
<testsuite hostname="meldas-MacBook-Pro.local" failures="0" tests="1" name="scripts._05_CheckBoxTest" time="13.437" errors="0" timestamp="2022-05-29T18:54:25 CDT" skipped="0">
  <testcase classname="scripts._05_CheckBoxTest" name="testCheckBoxInHeroApp" time="13.437"/>
  <system-out/>
</testsuite> <!-- scripts._05_CheckBoxTest -->
