<?xml version="1.0" encoding="UTF-8"?>
<!-- Generated by org.testng.reporters.JUnitReportReporter -->
<testsuite skipped="0" hostname="meldas-MacBook-Pro.local" name="scripts._02_TechGlobalTest" tests="1" failures="0" timestamp="2022-06-14T18:47:44 CDT" time="6.698" errors="0">
  <testcase name="testApplicationFormHeading" time="6.698" classname="scripts._02_TechGlobalTest"/>
  <system-out/>
</testsuite> <!-- scripts._02_TechGlobalTest -->
