<?xml version="1.0" encoding="UTF-8"?>
<!-- Generated by org.testng.reporters.JUnitReportReporter -->
<testsuite hostname="meldas-MacBook-Pro.local" failures="0" tests="1" name="scripts._04_GoogleSearchTest" time="6.857" errors="0" timestamp="2022-06-02T19:38:16 CDT" skipped="0">
  <testcase classname="scripts._04_GoogleSearchTest" name="testGoogleStoreLink" time="6.857"/>
  <system-out/>
</testsuite> <!-- scripts._04_GoogleSearchTest -->
